2020-04-21 23:04:662 INFO  BrowserSelector :19 - Launching Chrome Browser
2020-04-21 23:04:313 INFO  BrowserSelector :19 - Launching Chrome Browser
2020-04-21 23:04:386 INFO  HomePage :22 - Clicking on Account link[[ChromeDriver: chrome on WINDOWS (1774bd63617ecb68b425837ae4038055)] -> xpath: //button[@id='header-account-menu']]
2020-04-21 23:04:523 INFO  AccountPage :20 -  Clicking on Signin link[[ChromeDriver: chrome on WINDOWS (1774bd63617ecb68b425837ae4038055)] -> xpath: //button[@id='header-account-signin-button']]
2020-04-21 23:04:712 INFO  BrowserSelector :19 - Launching Chrome Browser
2020-04-21 23:04:861 INFO  HomePage :22 - Clicking on Account link[[ChromeDriver: chrome on WINDOWS (c2d7145a4ffc80f84dc70ef4be6e215c)] -> xpath: //button[@id='header-account-menu']]
2020-04-21 23:04:71 INFO  AccountPage :20 -  Clicking on Signin link[[ChromeDriver: chrome on WINDOWS (c2d7145a4ffc80f84dc70ef4be6e215c)] -> xpath: //button[@id='header-account-signin-button']]
2020-04-21 23:04:582 INFO  BrowserSelector :19 - Launching Chrome Browser
2020-04-21 23:04:432 INFO  HomePage :22 - Clicking on Account link[[ChromeDriver: chrome on WINDOWS (3fb6854e65e39d87974b148c192517c9)] -> xpath: //button[@id='header-account-menu']]
2020-04-21 23:04:776 INFO  AccountPage :20 -  Clicking on Signin link[[ChromeDriver: chrome on WINDOWS (3fb6854e65e39d87974b148c192517c9)] -> xpath: //button[@id='header-account-signin-button']]
2020-04-21 23:04:700 INFO  BrowserSelector :19 - Launching Chrome Browser
2020-04-21 23:04:811 INFO  HomePage :22 - Clicking on Account link[[ChromeDriver: chrome on WINDOWS (0b919c8f63c07fe5fda1bd5cd6d1007a)] -> xpath: //button[@id='header-account-menu']]
2020-04-21 23:04:981 INFO  AccountPage :20 -  Clicking on Signin link[[ChromeDriver: chrome on WINDOWS (0b919c8f63c07fe5fda1bd5cd6d1007a)] -> xpath: //button[@id='header-account-signin-button']]
2020-04-21 23:04:388 INFO  BrowserSelector :19 - Launching Chrome Browser
2020-04-21 23:04:88 INFO  HomePage :22 - Clicking on Account link[[ChromeDriver: chrome on WINDOWS (a6949f0671632500ac870259bb6e5c2c)] -> xpath: //button[@id='header-account-menu']]
2020-04-21 23:04:368 INFO  AccountPage :20 -  Clicking on Signin link[[ChromeDriver: chrome on WINDOWS (a6949f0671632500ac870259bb6e5c2c)] -> xpath: //button[@id='header-account-signin-button']]
2020-04-21 23:04:554 INFO  BrowserSelector :19 - Launching Chrome Browser
2020-04-21 23:04:657 INFO  HomePage :22 - Clicking on Account link[[ChromeDriver: chrome on WINDOWS (1d10951e3c09fbb8f1b9176ec5d19fa8)] -> xpath: //button[@id='header-account-menu']]
2020-04-21 23:04:817 INFO  AccountPage :20 -  Clicking on Signin link[[ChromeDriver: chrome on WINDOWS (1d10951e3c09fbb8f1b9176ec5d19fa8)] -> xpath: //button[@id='header-account-signin-button']]
2020-04-21 23:04:655 INFO  BrowserSelector :19 - Launching Chrome Browser
2020-04-21 23:04:653 INFO  HomePage :22 - Clicking on Account link[[ChromeDriver: chrome on WINDOWS (c8dd69dbc287543cf5a60334b1e74c70)] -> xpath: //button[@id='header-account-menu']]
2020-04-21 23:04:805 INFO  AccountPage :20 -  Clicking on Signin link[[ChromeDriver: chrome on WINDOWS (c8dd69dbc287543cf5a60334b1e74c70)] -> xpath: //button[@id='header-account-signin-button']]
2020-04-22 00:04:273 INFO  BrowserSelector :19 - Launching Chrome Browser
2020-04-22 00:04:980 INFO  HomePage :22 - Clicking on Account link[[ChromeDriver: chrome on WINDOWS (cbc7293a22bf658d11be4202cf54c35f)] -> xpath: //button[@id='header-account-menu']]
2020-04-22 00:04:236 INFO  AccountPage :20 -  Clicking on Signin link[[ChromeDriver: chrome on WINDOWS (cbc7293a22bf658d11be4202cf54c35f)] -> xpath: //button[@id='header-account-signin-button']]
2020-04-22 00:04:353 INFO  BrowserSelector :19 - Launching Chrome Browser
2020-04-22 00:04:563 INFO  HomePage :22 - Clicking on Account link[[ChromeDriver: chrome on WINDOWS (8038d66982df90ca9cddc1e77bb521a6)] -> xpath: //button[@id='header-account-menu']]
2020-04-22 00:04:719 INFO  AccountPage :20 -  Clicking on Signin link[[ChromeDriver: chrome on WINDOWS (8038d66982df90ca9cddc1e77bb521a6)] -> xpath: //button[@id='header-account-signin-button']]
2020-04-22 00:04:160 INFO  BrowserSelector :19 - Launching Chrome Browser
2020-04-22 00:04:768 INFO  HomePage :22 - Clicking on Account link[[ChromeDriver: chrome on WINDOWS (5ff75ff892e4749e17de2ea9137eec4b)] -> xpath: //button[@id='header-account-menu']]
2020-04-22 00:04:87 INFO  AccountPage :20 -  Clicking on Signin link[[ChromeDriver: chrome on WINDOWS (5ff75ff892e4749e17de2ea9137eec4b)] -> xpath: //button[@id='header-account-signin-button']]
2020-04-22 18:04:961 INFO  BrowserSelector :19 - Launching Chrome Browser
2020-04-22 18:04:200 INFO  HomePage :22 - Clicking on Account link[[ChromeDriver: chrome on WINDOWS (3e8d7633e2dc8d836182f0a7e3381c8d)] -> xpath: //button[@id='header-account-menu']]
2020-04-22 18:04:432 INFO  AccountPage :20 -  Clicking on Signin link[[ChromeDriver: chrome on WINDOWS (3e8d7633e2dc8d836182f0a7e3381c8d)] -> xpath: //button[@id='header-account-signin-button']]
2020-04-22 18:04:32 INFO  SignInPage :35 - Enter password  abc123 to password field [[ChromeDriver: chrome on WINDOWS (3e8d7633e2dc8d836182f0a7e3381c8d)] -> xpath: //input[@id='gss-signin-password']]
2020-04-22 18:04:841 INFO  SignInPage :41 -  Clicking on sign in tab[[ChromeDriver: chrome on WINDOWS (3e8d7633e2dc8d836182f0a7e3381c8d)] -> xpath: //button[@id='gss-signin-submit']]
2020-04-22 18:04:866 INFO  BrowserSelector :19 - Launching Chrome Browser
2020-04-22 18:04:527 INFO  HomePage :22 - Clicking on Account link[[ChromeDriver: chrome on WINDOWS (274245ab0de2f5a546c0451c9c4e1921)] -> xpath: //button[@id='header-account-menu']]
2020-04-22 18:04:698 INFO  AccountPage :20 -  Clicking on Signin link[[ChromeDriver: chrome on WINDOWS (274245ab0de2f5a546c0451c9c4e1921)] -> xpath: //button[@id='header-account-signin-button']]
2020-04-22 18:04:199 INFO  SignInPage :29 -  Enter email abc@gmail.com to email field [[ChromeDriver: chrome on WINDOWS (274245ab0de2f5a546c0451c9c4e1921)] -> xpath: //input[@id='gss-signin-email']]
2020-04-22 18:04:419 INFO  SignInPage :35 - Enter password  abc123 to password field [[ChromeDriver: chrome on WINDOWS (274245ab0de2f5a546c0451c9c4e1921)] -> xpath: //input[@id='gss-signin-password']]
2020-04-22 18:04:619 INFO  SignInPage :41 -  Clicking on sign in tab[[ChromeDriver: chrome on WINDOWS (274245ab0de2f5a546c0451c9c4e1921)] -> xpath: //button[@id='gss-signin-submit']]
2020-04-22 18:04:586 INFO  BrowserSelector :19 - Launching Chrome Browser
2020-04-22 18:04:08 INFO  HomePage :22 - Clicking on Account link[[ChromeDriver: chrome on WINDOWS (b744dd46dff1cec44ad54e316b53bcbf)] -> xpath: //button[@id='header-account-menu']]
2020-04-22 18:04:167 INFO  AccountPage :20 -  Clicking on Signin link[[ChromeDriver: chrome on WINDOWS (b744dd46dff1cec44ad54e316b53bcbf)] -> xpath: //button[@id='header-account-signin-button']]
2020-04-22 18:04:803 INFO  SignInPage :29 -  Enter email abc@gmail.com to email field [[ChromeDriver: chrome on WINDOWS (b744dd46dff1cec44ad54e316b53bcbf)] -> xpath: //input[@id='gss-signin-email']]
2020-04-22 18:04:980 INFO  SignInPage :35 - Enter password  abc123 to password field [[ChromeDriver: chrome on WINDOWS (b744dd46dff1cec44ad54e316b53bcbf)] -> xpath: //input[@id='gss-signin-password']]
2020-04-22 18:04:142 INFO  SignInPage :41 -  Clicking on sign in tab[[ChromeDriver: chrome on WINDOWS (b744dd46dff1cec44ad54e316b53bcbf)] -> xpath: //button[@id='gss-signin-submit']]
2020-04-22 18:04:191 INFO  BrowserSelector :19 - Launching Chrome Browser
2020-04-22 18:04:546 INFO  HomePage :22 - Clicking on Account link[[ChromeDriver: chrome on WINDOWS (0c9d8bc96710f6856957067c8b0209e1)] -> xpath: //button[@id='header-account-menu']]
2020-04-22 18:04:684 INFO  AccountPage :20 -  Clicking on Signin link[[ChromeDriver: chrome on WINDOWS (0c9d8bc96710f6856957067c8b0209e1)] -> xpath: //button[@id='header-account-signin-button']]
2020-04-22 18:04:712 INFO  SignInPage :29 -  Enter email abc@jkail.com to email field [[ChromeDriver: chrome on WINDOWS (0c9d8bc96710f6856957067c8b0209e1)] -> xpath: //input[@id='gss-signin-email']]
2020-04-22 18:04:876 INFO  SignInPage :35 - Enter password  abc123 to password field [[ChromeDriver: chrome on WINDOWS (0c9d8bc96710f6856957067c8b0209e1)] -> xpath: //input[@id='gss-signin-password']]
2020-04-22 18:04:995 INFO  SignInPage :41 -  Clicking on sign in tab[[ChromeDriver: chrome on WINDOWS (0c9d8bc96710f6856957067c8b0209e1)] -> xpath: //button[@id='gss-signin-submit']]
2020-04-22 19:04:221 INFO  BrowserSelector :19 - Launching Chrome Browser
2020-04-22 19:04:322 INFO  HomePage :28 - Clicking on flights tab : [[ChromeDriver: chrome on WINDOWS (cf4d52b533c10b65c42ee4e86071715e)] -> xpath: //a[@id='primary-header-flight']]
2020-04-22 19:04:949 INFO  FlightsPage :36 -  Clicking on accept button[[ChromeDriver: chrome on WINDOWS (cf4d52b533c10b65c42ee4e86071715e)] -> xpath: //span[@class='button-text']]
2020-04-22 19:04:101 INFO  FlightsPage :42 -  Enter city name LHR on flight from city [[ChromeDriver: chrome on WINDOWS (cf4d52b533c10b65c42ee4e86071715e)] -> xpath: //input[@id='flight-origin-flp']]
2020-04-22 19:04:371 INFO  FlightsPage :48 -  Enter city nameMumbai on flight to city[[ChromeDriver: chrome on WINDOWS (cf4d52b533c10b65c42ee4e86071715e)] -> id: flight-destination-flp]
2020-04-22 19:04:618 INFO  FlightsPage :54 -  Enter date01/10/2020 on departure date [[ChromeDriver: chrome on WINDOWS (cf4d52b533c10b65c42ee4e86071715e)] -> id: flight-departing-flp]
2020-04-22 19:04:918 INFO  FlightsPage :62 - Entering returning date : 21/10/2020 On returning date field : [[ChromeDriver: chrome on WINDOWS (cf4d52b533c10b65c42ee4e86071715e)] -> id: flight-returning-flp]
2020-04-22 19:04:188 INFO  FlightsPage :69 -  Clicking on search button Proxy element for: DefaultElementLocator 'By.xpath: //form[@id='gcw-flights-form-flp']//button[contains(@class,'btn-primary btn-action gcw-submit')]'
2020-04-22 19:04:245 INFO  ResultPage :23 - Verify resultSelect your departure to Mumbai displayed on result page[[ChromeDriver: chrome on WINDOWS (cf4d52b533c10b65c42ee4e86071715e)] -> xpath: //*[@id="titleBar"]/h1/div/span[1]]
2020-04-22 20:04:673 INFO  BrowserSelector :19 - Launching Chrome Browser
2020-04-22 20:04:588 INFO  HomePage :22 - Clicking on Account link[[ChromeDriver: chrome on WINDOWS (3a1687b5511ea54b6c4508e8a087b52f)] -> xpath: //button[@id='header-account-menu']]
2020-04-22 20:04:710 INFO  AccountPage :20 -  Clicking on Signin link[[ChromeDriver: chrome on WINDOWS (3a1687b5511ea54b6c4508e8a087b52f)] -> xpath: //button[@id='header-account-signin-button']]
2020-04-22 20:04:353 INFO  SignInPage :29 -  Enter email test1@gmail.com to email field [[ChromeDriver: chrome on WINDOWS (3a1687b5511ea54b6c4508e8a087b52f)] -> xpath: //input[@id='gss-signin-email']]
2020-04-22 20:04:508 INFO  SignInPage :35 - Enter password  test123 to password field [[ChromeDriver: chrome on WINDOWS (3a1687b5511ea54b6c4508e8a087b52f)] -> xpath: //input[@id='gss-signin-password']]
2020-04-22 20:04:618 INFO  SignInPage :41 -  Clicking on sign in tab[[ChromeDriver: chrome on WINDOWS (3a1687b5511ea54b6c4508e8a087b52f)] -> xpath: //button[@id='gss-signin-submit']]
2020-04-22 20:04:619 INFO  BrowserSelector :19 - Launching Chrome Browser
2020-04-22 20:04:498 INFO  HomePage :22 - Clicking on Account link[[ChromeDriver: chrome on WINDOWS (e0a852e9576a18be1570ff7cd46942c4)] -> xpath: //button[@id='header-account-menu']]
2020-04-22 20:04:131 INFO  AccountPage :20 -  Clicking on Signin link[[ChromeDriver: chrome on WINDOWS (e0a852e9576a18be1570ff7cd46942c4)] -> xpath: //button[@id='header-account-signin-button']]
2020-04-22 20:04:272 INFO  BrowserSelector :19 - Launching Chrome Browser
2020-04-22 20:04:442 INFO  HomePage :22 - Clicking on Account link[[ChromeDriver: chrome on WINDOWS (6b1fca29ae6a434f03563075959e3259)] -> xpath: //button[@id='header-account-menu']]
2020-04-22 20:04:631 INFO  AccountPage :20 -  Clicking on Signin link[[ChromeDriver: chrome on WINDOWS (6b1fca29ae6a434f03563075959e3259)] -> xpath: //button[@id='header-account-signin-button']]
2020-04-22 20:04:153 INFO  SignInPage :29 -  Enter email test3@gmail.com to email field [[ChromeDriver: chrome on WINDOWS (6b1fca29ae6a434f03563075959e3259)] -> xpath: //input[@id='gss-signin-email']]
2020-04-22 20:04:578 INFO  SignInPage :35 - Enter password  test123 to password field [[ChromeDriver: chrome on WINDOWS (6b1fca29ae6a434f03563075959e3259)] -> xpath: //input[@id='gss-signin-password']]
2020-04-22 20:04:700 INFO  SignInPage :41 -  Clicking on sign in tab[[ChromeDriver: chrome on WINDOWS (6b1fca29ae6a434f03563075959e3259)] -> xpath: //button[@id='gss-signin-submit']]
2020-04-22 20:04:672 INFO  BrowserSelector :19 - Launching Chrome Browser
2020-04-22 20:04:790 INFO  HomePage :22 - Clicking on Account link[[ChromeDriver: chrome on WINDOWS (d1db32c0b48f4b858feb2523132cbce5)] -> xpath: //button[@id='header-account-menu']]
2020-04-22 20:04:12 INFO  AccountPage :20 -  Clicking on Signin link[[ChromeDriver: chrome on WINDOWS (d1db32c0b48f4b858feb2523132cbce5)] -> xpath: //button[@id='header-account-signin-button']]
2020-04-22 20:04:13 INFO  SignInPage :29 -  Enter email Abc1.gmail.com to email field [[ChromeDriver: chrome on WINDOWS (d1db32c0b48f4b858feb2523132cbce5)] -> xpath: //input[@id='gss-signin-email']]
2020-04-22 20:04:190 INFO  SignInPage :35 - Enter password  test123 to password field [[ChromeDriver: chrome on WINDOWS (d1db32c0b48f4b858feb2523132cbce5)] -> xpath: //input[@id='gss-signin-password']]
2020-04-22 20:04:402 INFO  SignInPage :41 -  Clicking on sign in tab[[ChromeDriver: chrome on WINDOWS (d1db32c0b48f4b858feb2523132cbce5)] -> xpath: //button[@id='gss-signin-submit']]
2020-04-22 20:04:404 INFO  BrowserSelector :19 - Launching Chrome Browser
2020-04-22 20:04:381 INFO  HomePage :22 - Clicking on Account link[[ChromeDriver: chrome on WINDOWS (c239d72007886de13290b3968ce9397b)] -> xpath: //button[@id='header-account-menu']]
2020-04-22 20:04:622 INFO  AccountPage :20 -  Clicking on Signin link[[ChromeDriver: chrome on WINDOWS (c239d72007886de13290b3968ce9397b)] -> xpath: //button[@id='header-account-signin-button']]
2020-04-22 20:04:535 INFO  SignInPage :29 -  Enter email Abc2.gmail.com to email field [[ChromeDriver: chrome on WINDOWS (c239d72007886de13290b3968ce9397b)] -> xpath: //input[@id='gss-signin-email']]
2020-04-22 20:04:717 INFO  SignInPage :35 - Enter password  test123 to password field [[ChromeDriver: chrome on WINDOWS (c239d72007886de13290b3968ce9397b)] -> xpath: //input[@id='gss-signin-password']]
2020-04-22 20:04:844 INFO  SignInPage :41 -  Clicking on sign in tab[[ChromeDriver: chrome on WINDOWS (c239d72007886de13290b3968ce9397b)] -> xpath: //button[@id='gss-signin-submit']]
2020-04-22 20:04:845 INFO  BrowserSelector :19 - Launching Chrome Browser
2020-04-22 20:04:164 INFO  HomePage :22 - Clicking on Account link[[ChromeDriver: chrome on WINDOWS (16e0e82b833c46b1c8dd36cc676970bc)] -> xpath: //button[@id='header-account-menu']]
2020-04-22 20:04:393 INFO  AccountPage :20 -  Clicking on Signin link[[ChromeDriver: chrome on WINDOWS (16e0e82b833c46b1c8dd36cc676970bc)] -> xpath: //button[@id='header-account-signin-button']]
2020-04-22 20:04:63 INFO  SignInPage :29 -  Enter email Abc3.gmail.com to email field [[ChromeDriver: chrome on WINDOWS (16e0e82b833c46b1c8dd36cc676970bc)] -> xpath: //input[@id='gss-signin-email']]
2020-04-22 20:04:226 INFO  SignInPage :35 - Enter password  test123 to password field [[ChromeDriver: chrome on WINDOWS (16e0e82b833c46b1c8dd36cc676970bc)] -> xpath: //input[@id='gss-signin-password']]
2020-04-22 20:04:368 INFO  SignInPage :41 -  Clicking on sign in tab[[ChromeDriver: chrome on WINDOWS (16e0e82b833c46b1c8dd36cc676970bc)] -> xpath: //button[@id='gss-signin-submit']]
2020-04-22 20:04:855 INFO  BrowserSelector :19 - Launching Chrome Browser
2020-04-22 20:04:00 INFO  HomePage :22 - Clicking on Account link[[ChromeDriver: chrome on WINDOWS (7b3d63ed1f967aa9e9a9dd28fba39ae0)] -> xpath: //button[@id='header-account-menu']]
2020-04-22 20:04:236 INFO  AccountPage :20 -  Clicking on Signin link[[ChromeDriver: chrome on WINDOWS (7b3d63ed1f967aa9e9a9dd28fba39ae0)] -> xpath: //button[@id='header-account-signin-button']]
2020-04-22 20:04:277 INFO  SignInPage :29 -  Enter email Abc1.gmail.com to email field [[ChromeDriver: chrome on WINDOWS (7b3d63ed1f967aa9e9a9dd28fba39ae0)] -> xpath: //input[@id='gss-signin-email']]
2020-04-22 20:04:599 INFO  SignInPage :35 - Enter password  test123 to password field [[ChromeDriver: chrome on WINDOWS (7b3d63ed1f967aa9e9a9dd28fba39ae0)] -> xpath: //input[@id='gss-signin-password']]
2020-04-22 20:04:773 INFO  SignInPage :41 -  Clicking on sign in tab[[ChromeDriver: chrome on WINDOWS (7b3d63ed1f967aa9e9a9dd28fba39ae0)] -> xpath: //button[@id='gss-signin-submit']]
2020-04-22 20:04:775 INFO  BrowserSelector :19 - Launching Chrome Browser
2020-04-22 20:04:236 INFO  HomePage :22 - Clicking on Account link[[ChromeDriver: chrome on WINDOWS (8121d29a77cd1b4fa05ab6b0dc36e509)] -> xpath: //button[@id='header-account-menu']]
2020-04-22 20:04:409 INFO  AccountPage :20 -  Clicking on Signin link[[ChromeDriver: chrome on WINDOWS (8121d29a77cd1b4fa05ab6b0dc36e509)] -> xpath: //button[@id='header-account-signin-button']]
2020-04-22 20:04:474 INFO  SignInPage :29 -  Enter email Abc2.gmail.com to email field [[ChromeDriver: chrome on WINDOWS (8121d29a77cd1b4fa05ab6b0dc36e509)] -> xpath: //input[@id='gss-signin-email']]
2020-04-22 20:04:683 INFO  SignInPage :35 - Enter password  test123 to password field [[ChromeDriver: chrome on WINDOWS (8121d29a77cd1b4fa05ab6b0dc36e509)] -> xpath: //input[@id='gss-signin-password']]
2020-04-22 20:04:793 INFO  SignInPage :41 -  Clicking on sign in tab[[ChromeDriver: chrome on WINDOWS (8121d29a77cd1b4fa05ab6b0dc36e509)] -> xpath: //button[@id='gss-signin-submit']]
2020-04-22 20:04:794 INFO  BrowserSelector :19 - Launching Chrome Browser
2020-04-22 20:04:504 INFO  HomePage :22 - Clicking on Account link[[ChromeDriver: chrome on WINDOWS (42d1acd97786373c08bf0edff793ac2b)] -> xpath: //button[@id='header-account-menu']]
2020-04-22 20:04:690 INFO  AccountPage :20 -  Clicking on Signin link[[ChromeDriver: chrome on WINDOWS (42d1acd97786373c08bf0edff793ac2b)] -> xpath: //button[@id='header-account-signin-button']]
2020-04-22 20:04:26 INFO  SignInPage :29 -  Enter email Abc3.gmail.com to email field [[ChromeDriver: chrome on WINDOWS (42d1acd97786373c08bf0edff793ac2b)] -> xpath: //input[@id='gss-signin-email']]
2020-04-22 20:04:403 INFO  SignInPage :35 - Enter password  test123 to password field [[ChromeDriver: chrome on WINDOWS (42d1acd97786373c08bf0edff793ac2b)] -> xpath: //input[@id='gss-signin-password']]
2020-04-22 20:04:591 INFO  SignInPage :41 -  Clicking on sign in tab[[ChromeDriver: chrome on WINDOWS (42d1acd97786373c08bf0edff793ac2b)] -> xpath: //button[@id='gss-signin-submit']]
2020-04-22 21:04:119 INFO  BrowserSelector :19 - Launching Chrome Browser
2020-04-22 21:04:706 INFO  HomePage :22 - Clicking on Account link[[ChromeDriver: chrome on WINDOWS (ece663fb48e2a9aec81c8a6769bc806d)] -> xpath: //button[@id='header-account-menu']]
2020-04-22 21:04:902 INFO  AccountPage :20 -  Clicking on Signin link[[ChromeDriver: chrome on WINDOWS (ece663fb48e2a9aec81c8a6769bc806d)] -> xpath: //button[@id='header-account-signin-button']]
2020-04-22 21:04:791 INFO  SignInPage :29 -  Enter email Abc1.gmail.com to email field [[ChromeDriver: chrome on WINDOWS (ece663fb48e2a9aec81c8a6769bc806d)] -> xpath: //input[@id='gss-signin-email']]
2020-04-22 21:04:983 INFO  SignInPage :35 - Enter password  test123 to password field [[ChromeDriver: chrome on WINDOWS (ece663fb48e2a9aec81c8a6769bc806d)] -> xpath: //input[@id='gss-signin-password']]
2020-04-22 21:04:95 INFO  SignInPage :41 -  Clicking on sign in tab[[ChromeDriver: chrome on WINDOWS (ece663fb48e2a9aec81c8a6769bc806d)] -> xpath: //button[@id='gss-signin-submit']]
2020-04-22 21:04:213 INFO  SignInPage :41 -  Clicking on sign in tab[[ChromeDriver: chrome on WINDOWS (ece663fb48e2a9aec81c8a6769bc806d)] -> xpath: //button[@id='gss-signin-submit']]
2020-04-22 21:04:857 INFO  BrowserSelector :19 - Launching Chrome Browser
2020-04-22 21:04:939 INFO  HomePage :22 - Clicking on Account link[[ChromeDriver: chrome on WINDOWS (231a992a015abdd24de15e8d07604a4e)] -> xpath: //button[@id='header-account-menu']]
2020-04-22 21:04:207 INFO  AccountPage :20 -  Clicking on Signin link[[ChromeDriver: chrome on WINDOWS (231a992a015abdd24de15e8d07604a4e)] -> xpath: //button[@id='header-account-signin-button']]
2020-04-22 21:04:297 INFO  SignInPage :29 -  Enter email Abc2.gmail.com to email field [[ChromeDriver: chrome on WINDOWS (231a992a015abdd24de15e8d07604a4e)] -> xpath: //input[@id='gss-signin-email']]
2020-04-22 21:04:506 INFO  SignInPage :35 - Enter password  test123 to password field [[ChromeDriver: chrome on WINDOWS (231a992a015abdd24de15e8d07604a4e)] -> xpath: //input[@id='gss-signin-password']]
2020-04-22 21:04:629 INFO  SignInPage :41 -  Clicking on sign in tab[[ChromeDriver: chrome on WINDOWS (231a992a015abdd24de15e8d07604a4e)] -> xpath: //button[@id='gss-signin-submit']]
2020-04-22 21:04:732 INFO  SignInPage :41 -  Clicking on sign in tab[[ChromeDriver: chrome on WINDOWS (231a992a015abdd24de15e8d07604a4e)] -> xpath: //button[@id='gss-signin-submit']]
2020-04-22 21:04:372 INFO  BrowserSelector :19 - Launching Chrome Browser
2020-04-22 21:04:109 INFO  HomePage :22 - Clicking on Account link[[ChromeDriver: chrome on WINDOWS (2061fd019c02ee75d1bed3be9a7c0dfe)] -> xpath: //button[@id='header-account-menu']]
2020-04-22 21:04:276 INFO  AccountPage :20 -  Clicking on Signin link[[ChromeDriver: chrome on WINDOWS (2061fd019c02ee75d1bed3be9a7c0dfe)] -> xpath: //button[@id='header-account-signin-button']]
2020-04-22 21:04:739 INFO  SignInPage :29 -  Enter email Abc3.gmail.com to email field [[ChromeDriver: chrome on WINDOWS (2061fd019c02ee75d1bed3be9a7c0dfe)] -> xpath: //input[@id='gss-signin-email']]
2020-04-22 21:04:946 INFO  SignInPage :35 - Enter password  test123 to password field [[ChromeDriver: chrome on WINDOWS (2061fd019c02ee75d1bed3be9a7c0dfe)] -> xpath: //input[@id='gss-signin-password']]
2020-04-22 21:04:142 INFO  SignInPage :41 -  Clicking on sign in tab[[ChromeDriver: chrome on WINDOWS (2061fd019c02ee75d1bed3be9a7c0dfe)] -> xpath: //button[@id='gss-signin-submit']]
2020-04-22 21:04:271 INFO  SignInPage :41 -  Clicking on sign in tab[[ChromeDriver: chrome on WINDOWS (2061fd019c02ee75d1bed3be9a7c0dfe)] -> xpath: //button[@id='gss-signin-submit']]
2020-04-22 21:04:335 INFO  BrowserSelector :19 - Launching Chrome Browser
2020-04-22 21:04:878 INFO  HomePage :22 - Clicking on Account link[[ChromeDriver: chrome on WINDOWS (ae2f0e5206a11faed858faf3ff4490b4)] -> xpath: //button[@id='header-account-menu']]
2020-04-22 21:04:35 INFO  AccountPage :20 -  Clicking on Signin link[[ChromeDriver: chrome on WINDOWS (ae2f0e5206a11faed858faf3ff4490b4)] -> xpath: //button[@id='header-account-signin-button']]
2020-04-22 21:04:171 INFO  SignInPage :29 -  Enter email abc@jkail.com to email field [[ChromeDriver: chrome on WINDOWS (ae2f0e5206a11faed858faf3ff4490b4)] -> xpath: //input[@id='gss-signin-email']]
2020-04-22 21:04:332 INFO  SignInPage :35 - Enter password  abc123 to password field [[ChromeDriver: chrome on WINDOWS (ae2f0e5206a11faed858faf3ff4490b4)] -> xpath: //input[@id='gss-signin-password']]
2020-04-22 21:04:474 INFO  SignInPage :41 -  Clicking on sign in tab[[ChromeDriver: chrome on WINDOWS (ae2f0e5206a11faed858faf3ff4490b4)] -> xpath: //button[@id='gss-signin-submit']]
2020-04-22 21:04:903 INFO  BrowserSelector :19 - Launching Chrome Browser
2020-04-22 21:04:172 INFO  HomePage :28 - Clicking on flights tab : [[ChromeDriver: chrome on WINDOWS (798a45ba50799b0d282d380ef0b4848a)] -> xpath: //a[@id='primary-header-flight']]
2020-04-22 21:04:271 INFO  FlightsPage :36 -  Clicking on accept button[[ChromeDriver: chrome on WINDOWS (798a45ba50799b0d282d380ef0b4848a)] -> xpath: //span[@class='button-text']]
2020-04-22 21:04:497 INFO  FlightsPage :42 -  Enter city name LHR on flight from city [[ChromeDriver: chrome on WINDOWS (798a45ba50799b0d282d380ef0b4848a)] -> xpath: //input[@id='flight-origin-flp']]
2020-04-22 21:04:788 INFO  FlightsPage :48 -  Enter city nameMumbai on flight to city[[ChromeDriver: chrome on WINDOWS (798a45ba50799b0d282d380ef0b4848a)] -> id: flight-destination-flp]
2020-04-22 21:04:38 INFO  FlightsPage :54 -  Enter date01/10/2020 on departure date [[ChromeDriver: chrome on WINDOWS (798a45ba50799b0d282d380ef0b4848a)] -> id: flight-departing-flp]
2020-04-22 21:04:527 INFO  FlightsPage :62 - Entering returning date : 21/10/2020 On returning date field : [[ChromeDriver: chrome on WINDOWS (798a45ba50799b0d282d380ef0b4848a)] -> id: flight-returning-flp]
2020-04-22 21:04:882 INFO  FlightsPage :69 -  Clicking on search button Proxy element for: DefaultElementLocator 'By.xpath: //form[@id='gcw-flights-form-flp']//button[contains(@class,'btn-primary btn-action gcw-submit')]'
2020-04-22 21:04:472 INFO  ResultPage :23 - Verify resultSelect your departure to Mumbai displayed on result page[[ChromeDriver: chrome on WINDOWS (798a45ba50799b0d282d380ef0b4848a)] -> xpath: //*[@id="titleBar"]/h1/div/span[1]]
2020-04-22 21:04:80 INFO  BrowserSelector :19 - Launching Chrome Browser
2020-04-22 21:04:831 INFO  HomePage :22 - Clicking on Account link[[ChromeDriver: chrome on WINDOWS (dfec099f92cd737f7b41d5e452f6577c)] -> xpath: //button[@id='header-account-menu']]
2020-04-22 21:04:95 INFO  AccountPage :20 -  Clicking on Signin link[[ChromeDriver: chrome on WINDOWS (dfec099f92cd737f7b41d5e452f6577c)] -> xpath: //button[@id='header-account-signin-button']]
2020-04-22 21:04:733 INFO  SignInPage :29 -  Enter email Abc1.gmail.com to email field [[ChromeDriver: chrome on WINDOWS (dfec099f92cd737f7b41d5e452f6577c)] -> xpath: //input[@id='gss-signin-email']]
2020-04-22 21:04:60 INFO  SignInPage :35 - Enter password  test123 to password field [[ChromeDriver: chrome on WINDOWS (dfec099f92cd737f7b41d5e452f6577c)] -> xpath: //input[@id='gss-signin-password']]
2020-04-22 21:04:232 INFO  SignInPage :41 -  Clicking on sign in tab[[ChromeDriver: chrome on WINDOWS (dfec099f92cd737f7b41d5e452f6577c)] -> xpath: //button[@id='gss-signin-submit']]
2020-04-22 21:04:331 INFO  SignInPage :41 -  Clicking on sign in tab[[ChromeDriver: chrome on WINDOWS (dfec099f92cd737f7b41d5e452f6577c)] -> xpath: //button[@id='gss-signin-submit']]
2020-04-22 21:04:389 INFO  BrowserSelector :19 - Launching Chrome Browser
2020-04-22 21:04:569 INFO  HomePage :22 - Clicking on Account link[[ChromeDriver: chrome on WINDOWS (d43cc0d53175cd119fb58ba2b7a2b4b9)] -> xpath: //button[@id='header-account-menu']]
2020-04-22 21:04:867 INFO  AccountPage :20 -  Clicking on Signin link[[ChromeDriver: chrome on WINDOWS (d43cc0d53175cd119fb58ba2b7a2b4b9)] -> xpath: //button[@id='header-account-signin-button']]
2020-04-22 21:04:256 INFO  SignInPage :29 -  Enter email Abc2.gmail.com to email field [[ChromeDriver: chrome on WINDOWS (d43cc0d53175cd119fb58ba2b7a2b4b9)] -> xpath: //input[@id='gss-signin-email']]
2020-04-22 21:04:531 INFO  SignInPage :35 - Enter password  test123 to password field [[ChromeDriver: chrome on WINDOWS (d43cc0d53175cd119fb58ba2b7a2b4b9)] -> xpath: //input[@id='gss-signin-password']]
2020-04-22 21:04:743 INFO  SignInPage :41 -  Clicking on sign in tab[[ChromeDriver: chrome on WINDOWS (d43cc0d53175cd119fb58ba2b7a2b4b9)] -> xpath: //button[@id='gss-signin-submit']]
2020-04-22 21:04:876 INFO  SignInPage :41 -  Clicking on sign in tab[[ChromeDriver: chrome on WINDOWS (d43cc0d53175cd119fb58ba2b7a2b4b9)] -> xpath: //button[@id='gss-signin-submit']]
2020-04-22 21:04:994 INFO  BrowserSelector :19 - Launching Chrome Browser
2020-04-22 21:04:762 INFO  HomePage :22 - Clicking on Account link[[ChromeDriver: chrome on WINDOWS (bad3b9781fa69a3e9e501c3dc32bf65d)] -> xpath: //button[@id='header-account-menu']]
2020-04-22 21:04:934 INFO  AccountPage :20 -  Clicking on Signin link[[ChromeDriver: chrome on WINDOWS (bad3b9781fa69a3e9e501c3dc32bf65d)] -> xpath: //button[@id='header-account-signin-button']]
2020-04-22 21:04:701 INFO  SignInPage :29 -  Enter email Abc3.gmail.com to email field [[ChromeDriver: chrome on WINDOWS (bad3b9781fa69a3e9e501c3dc32bf65d)] -> xpath: //input[@id='gss-signin-email']]
2020-04-22 21:04:943 INFO  SignInPage :35 - Enter password  test123 to password field [[ChromeDriver: chrome on WINDOWS (bad3b9781fa69a3e9e501c3dc32bf65d)] -> xpath: //input[@id='gss-signin-password']]
2020-04-22 21:04:142 INFO  SignInPage :41 -  Clicking on sign in tab[[ChromeDriver: chrome on WINDOWS (bad3b9781fa69a3e9e501c3dc32bf65d)] -> xpath: //button[@id='gss-signin-submit']]
2020-04-22 21:04:378 INFO  SignInPage :41 -  Clicking on sign in tab[[ChromeDriver: chrome on WINDOWS (bad3b9781fa69a3e9e501c3dc32bf65d)] -> xpath: //button[@id='gss-signin-submit']]
